<html>
<head>
<title>TestNG:  ChromeTest</title>
<link href="../testng.css" rel="stylesheet" type="text/css" />
<link href="../my-testng.css" rel="stylesheet" type="text/css" />

<style type="text/css">
.log { display: none;} 
.stack-trace { display: none;} 
</style>
<script type="text/javascript">
<!--
function flip(e) {
  current = e.style.display;
  if (current == 'block') {
    e.style.display = 'none';
    return 0;
  }
  else {
    e.style.display = 'block';
    return 1;
  }
}

function toggleBox(szDivId, elem, msg1, msg2)
{
  var res = -1;  if (document.getElementById) {
    res = flip(document.getElementById(szDivId));
  }
  else if (document.all) {
    // this is the way old msie versions work
    res = flip(document.all[szDivId]);
  }
  if(elem) {
    if(res == 0) elem.innerHTML = msg1; else elem.innerHTML = msg2;
  }

}

function toggleAllBoxes() {
  if (document.getElementsByTagName) {
    d = document.getElementsByTagName('div');
    for (i = 0; i < d.length; i++) {
      if (d[i].className == 'log') {
        flip(d[i]);
      }
    }
  }
}

// -->
</script>

</head>
<body>
<h2 align='center'>ChromeTest</h2><table border='1' align="center">
<tr>
<td>Tests passed/Failed/Skipped:</td><td>19/1/0</td>
</tr><tr>
<td>Started on:</td><td>Sun Jan 21 23:35:12 IST 2024</td>
</tr>
<tr><td>Total time:</td><td>434 seconds (434816 ms)</td>
</tr><tr>
<td>Included groups:</td><td></td>
</tr><tr>
<td>Excluded groups:</td><td></td>
</tr>
</table><p/>
<small><i>(Hover the method name to see the test class name)</i></small><p/>
<table width='100%' border='1' class='invocation-failed'>
<tr><td colspan='4' align='center'><b>FAILED TESTS</b></td></tr>
<tr><td><b>Test method</b></td>
<td><b>Attribute(s)</b></td>
<td width="30%"><b>Exception</b></td>
<td width="10%"><b>Time (seconds)</b></td>
<td><b>Instance</b></td>
</tr>
<tr>
<td title='tests.TC02_LoginFunctionality.LoginTest()'><b>LoginTest</b><br>Test class: tests.TC02_LoginFunctionality<br>Parameters: validinput@gmail.com, Prod123</td>
<td><div><pre>org.openqa.selenium.StaleElementReferenceException: stale element reference: stale element not found
  (Session info: chrome=120.0.6099.225)
For documentation on this error, please visit: https://www.selenium.dev/documentation/webdriver/troubleshooting/errors#stale-element-reference-exception
Build info: version: &apos;4.11.0&apos;, revision: &apos;040bc5406b&apos;
System info: os.name: &apos;Windows 11&apos;, os.arch: &apos;amd64&apos;, os.version: &apos;10.0&apos;, java.version: &apos;20.0.1&apos;
Driver info: org.openqa.selenium.chrome.ChromeDriver
Command: [253b92ab517a0571e2bf3d3a4ca8fb7f, clickElement {id=6570EEE6D93AFA60B16E0CF0D8BB3D9D_element_13}]
Capabilities {acceptInsecureCerts: false, browserName: chrome, browserVersion: 120.0.6099.225, chrome: {chromedriverVersion: 120.0.6099.109 (3419140ab66..., userDataDir: C:\Users\KALPES~1\AppData\L...}, fedcm:accounts: true, goog:chromeOptions: {debuggerAddress: localhost:53136}, networkConnectionEnabled: false, pageLoadStrategy: normal, platformName: windows, proxy: Proxy(), se:cdp: ws://localhost:53136/devtoo..., se:cdpVersion: 120.0.6099.225, setWindowRect: true, strictFileInteractability: false, timeouts: {implicit: 0, pageLoad: 300000, script: 30000}, unhandledPromptBehavior: dismiss and notify, webauthn:extension:credBlob: true, webauthn:extension:largeBlob: true, webauthn:extension:minPinLength: true, webauthn:extension:prf: true, webauthn:virtualAuthenticators: true}
Element: [[ChromeDriver: chrome on windows (253b92ab517a0571e2bf3d3a4ca8fb7f)] -&gt; xpath: //div[@class=&apos;css-76zvg2 r-jwli3a r-ubezar&apos; and contains (text(), &apos;Login&apos;)]]
Session ID: 253b92ab517a0571e2bf3d3a4ca8fb7f
	at org.openqa.selenium.remote.codec.w3c.W3CHttpResponseCodec.createException(W3CHttpResponseCodec.java:200)
	at org.openqa.selenium.remote.codec.w3c.W3CHttpResponseCodec.decode(W3CHttpResponseCodec.java:133)
	at org.openqa.selenium.remote.codec.w3c.W3CHttpResponseCodec.decode(W3CHttpResponseCodec.java:52)
	at org.openqa.selenium.remote.HttpCommandExecutor.execute(HttpCommandExecutor.java:191)
	at org.openqa.selenium.remote.service.DriverCommandExecutor.invokeExecute(DriverCommandExecutor.java:196)
	at org.openqa.selenium.remote.service.DriverCommandExecutor.execute(DriverCommandExecutor.java:171)
	at org.openqa.selenium.remote.RemoteWebDriver.execute(RemoteWebDriver.java:518)
	at org.openqa.selenium.remote.RemoteWebElement.execute(RemoteWebElement.java:224)
	at org.openqa.selenium.remote.RemoteWebElement.click(RemoteWebElement.java:77)
	at org.openqa.selenium.support.pagefactory.internal.LocatingElementHandler.invoke(LocatingElementHandler.java:51)
	at jdk.proxy2/jdk.proxy2.$Proxy20.click(Unknown Source)
	at pages.HomePage.loginbutton(HomePage.java:43)
	at tests.TC02_LoginFunctionality.LoginTest(TC02_LoginFunctionality.java:24)
	at java.base/java.util.ArrayList.forEach(ArrayList.java:1511)
... Removed 30 stack frames</pre></div><a href='#' onClick='toggleBox("stack-trace1172390062", this, "Click to show all stack frames", "Click to hide stack frames")'>Click to show all stack frames</a>
<div class='stack-trace' id='stack-trace1172390062'><pre>org.openqa.selenium.StaleElementReferenceException: stale element reference: stale element not found
  (Session info: chrome=120.0.6099.225)
For documentation on this error, please visit: https://www.selenium.dev/documentation/webdriver/troubleshooting/errors#stale-element-reference-exception
Build info: version: &apos;4.11.0&apos;, revision: &apos;040bc5406b&apos;
System info: os.name: &apos;Windows 11&apos;, os.arch: &apos;amd64&apos;, os.version: &apos;10.0&apos;, java.version: &apos;20.0.1&apos;
Driver info: org.openqa.selenium.chrome.ChromeDriver
Command: [253b92ab517a0571e2bf3d3a4ca8fb7f, clickElement {id=6570EEE6D93AFA60B16E0CF0D8BB3D9D_element_13}]
Capabilities {acceptInsecureCerts: false, browserName: chrome, browserVersion: 120.0.6099.225, chrome: {chromedriverVersion: 120.0.6099.109 (3419140ab66..., userDataDir: C:\Users\KALPES~1\AppData\L...}, fedcm:accounts: true, goog:chromeOptions: {debuggerAddress: localhost:53136}, networkConnectionEnabled: false, pageLoadStrategy: normal, platformName: windows, proxy: Proxy(), se:cdp: ws://localhost:53136/devtoo..., se:cdpVersion: 120.0.6099.225, setWindowRect: true, strictFileInteractability: false, timeouts: {implicit: 0, pageLoad: 300000, script: 30000}, unhandledPromptBehavior: dismiss and notify, webauthn:extension:credBlob: true, webauthn:extension:largeBlob: true, webauthn:extension:minPinLength: true, webauthn:extension:prf: true, webauthn:virtualAuthenticators: true}
Element: [[ChromeDriver: chrome on windows (253b92ab517a0571e2bf3d3a4ca8fb7f)] -&gt; xpath: //div[@class=&apos;css-76zvg2 r-jwli3a r-ubezar&apos; and contains (text(), &apos;Login&apos;)]]
Session ID: 253b92ab517a0571e2bf3d3a4ca8fb7f
	at java.base/jdk.internal.reflect.DirectConstructorHandleAccessor.newInstance(DirectConstructorHandleAccessor.java:67)
	at java.base/java.lang.reflect.Constructor.newInstanceWithCaller(Constructor.java:500)
	at java.base/java.lang.reflect.Constructor.newInstance(Constructor.java:484)
	at org.openqa.selenium.remote.codec.w3c.W3CHttpResponseCodec.createException(W3CHttpResponseCodec.java:200)
	at org.openqa.selenium.remote.codec.w3c.W3CHttpResponseCodec.decode(W3CHttpResponseCodec.java:133)
	at org.openqa.selenium.remote.codec.w3c.W3CHttpResponseCodec.decode(W3CHttpResponseCodec.java:52)
	at org.openqa.selenium.remote.HttpCommandExecutor.execute(HttpCommandExecutor.java:191)
	at org.openqa.selenium.remote.service.DriverCommandExecutor.invokeExecute(DriverCommandExecutor.java:196)
	at org.openqa.selenium.remote.service.DriverCommandExecutor.execute(DriverCommandExecutor.java:171)
	at org.openqa.selenium.remote.RemoteWebDriver.execute(RemoteWebDriver.java:518)
	at org.openqa.selenium.remote.RemoteWebElement.execute(RemoteWebElement.java:224)
	at org.openqa.selenium.remote.RemoteWebElement.click(RemoteWebElement.java:77)
	at java.base/jdk.internal.reflect.DirectMethodHandleAccessor.invoke(DirectMethodHandleAccessor.java:104)
	at java.base/java.lang.reflect.Method.invoke(Method.java:578)
	at org.openqa.selenium.support.pagefactory.internal.LocatingElementHandler.invoke(LocatingElementHandler.java:51)
	at jdk.proxy2/jdk.proxy2.$Proxy20.click(Unknown Source)
	at pages.HomePage.loginbutton(HomePage.java:43)
	at tests.TC02_LoginFunctionality.LoginTest(TC02_LoginFunctionality.java:24)
	at java.base/jdk.internal.reflect.DirectMethodHandleAccessor.invoke(DirectMethodHandleAccessor.java:104)
	at java.base/java.lang.reflect.Method.invoke(Method.java:578)
	at org.testng.internal.invokers.MethodInvocationHelper.invokeMethod(MethodInvocationHelper.java:139)
	at org.testng.internal.invokers.TestInvoker.invokeMethod(TestInvoker.java:664)
	at org.testng.internal.invokers.TestInvoker.invokeTestMethod(TestInvoker.java:227)
	at org.testng.internal.invokers.MethodRunner.runInSequence(MethodRunner.java:50)
	at org.testng.internal.invokers.TestInvoker$MethodInvocationAgent.invoke(TestInvoker.java:957)
	at org.testng.internal.invokers.TestInvoker.invokeTestMethods(TestInvoker.java:200)
	at org.testng.internal.invokers.TestMethodWorker.invokeTestMethods(TestMethodWorker.java:148)
	at org.testng.internal.invokers.TestMethodWorker.run(TestMethodWorker.java:128)
	at java.base/java.util.ArrayList.forEach(ArrayList.java:1511)
	at org.testng.TestRunner.privateRun(TestRunner.java:848)
	at org.testng.TestRunner.run(TestRunner.java:621)
	at org.testng.SuiteRunner.runTest(SuiteRunner.java:443)
	at org.testng.SuiteRunner.runSequentially(SuiteRunner.java:437)
	at org.testng.SuiteRunner.privateRun(SuiteRunner.java:397)
	at org.testng.SuiteRunner.run(SuiteRunner.java:336)
	at org.testng.SuiteRunnerWorker.runSuite(SuiteRunnerWorker.java:52)
	at org.testng.SuiteRunnerWorker.run(SuiteRunnerWorker.java:95)
	at org.testng.TestNG.runSuitesSequentially(TestNG.java:1280)
	at org.testng.TestNG.runSuitesLocally(TestNG.java:1200)
	at org.testng.TestNG.runSuites(TestNG.java:1114)
	at org.testng.TestNG.run(TestNG.java:1082)
	at org.testng.remote.AbstractRemoteTestNG.run(AbstractRemoteTestNG.java:115)
	at org.testng.remote.RemoteTestNG.initAndRun(RemoteTestNG.java:251)
	at org.testng.remote.RemoteTestNG.main(RemoteTestNG.java:77)
</pre></div></td>
<td>6</td>
<td>tests.TC02_LoginFunctionality@3b5fad2d</td></tr>
</table><p>
<table width='100%' border='1' class='invocation-passed'>
<tr><td colspan='4' align='center'><b>PASSED TESTS</b></td></tr>
<tr><td><b>Test method</b></td>
<td><b>Attribute(s)</b></td>
<td width="30%"><b>Exception</b></td>
<td width="10%"><b>Time (seconds)</b></td>
<td><b>Instance</b></td>
</tr>
<tr>
<td title='tests.TC04_RoundTrip.RoundTrip()'><b>RoundTrip</b><br>Test class: tests.TC04_RoundTrip<br>Parameters: Mum, Del, 21-01-2024</td>
<td></td>
<td>11</td>
<td>tests.TC04_RoundTrip@3eb91815</td></tr>
<tr>
<td title='tests.TC11_OneWayTripNegative.oneway()'><b>oneway</b><br>Test class: tests.TC11_OneWayTripNegative</td>
<td></td>
<td>7</td>
<td>tests.TC11_OneWayTripNegative@34b9f960</td></tr>
<tr>
<td title='tests.TC08_CheckInStatus.status()'><b>status</b><br>Test class: tests.TC08_CheckInStatus</td>
<td></td>
<td>6</td>
<td>tests.TC08_CheckInStatus@102cec62</td></tr>
<tr>
<td title='tests.TC02_LoginFunctionality.LoginTest()'><b>LoginTest</b><br>Test class: tests.TC02_LoginFunctionality<br>Parameters: invalidinput@gmail.com, launch123</td>
<td></td>
<td>1</td>
<td>tests.TC02_LoginFunctionality@3b5fad2d</td></tr>
<tr>
<td title='tests.TC01_SignUpFunctionality.SignUPTest()'><b>SignUPTest</b><br>Test class: tests.TC01_SignUpFunctionality<br>Parameters: Ms, Third Fourth, Last, United Kingdom, 01-02-2001, 8123389123, validinput@gmail.com, 123234, 123234</td>
<td></td>
<td>14</td>
<td>tests.TC01_SignUpFunctionality@2f666ebb</td></tr>
<tr>
<td title='tests.TC09_ManageBookingStatus.status()'><b>status</b><br>Test class: tests.TC09_ManageBookingStatus</td>
<td></td>
<td>4</td>
<td>tests.TC09_ManageBookingStatus@74f6c5d8</td></tr>
<tr>
<td title='tests.TC03_OneWayTrip.oneway()'><b>oneway</b><br>Test class: tests.TC03_OneWayTrip</td>
<td></td>
<td>71</td>
<td>tests.TC03_OneWayTrip@5e17553a</td></tr>
<tr>
<td title='tests.TC01_SignUpFunctionality.SignUPTest()'><b>SignUPTest</b><br>Test class: tests.TC01_SignUpFunctionality<br>Parameters: Mrs, Second Third, Last, Germany, 01-02-2000, 8123389123, invalidinput@.c, 123233, 123233</td>
<td></td>
<td>13</td>
<td>tests.TC01_SignUpFunctionality@2f666ebb</td></tr>
<tr>
<td title='tests.TC13_FlightStatusNegative.status()'><b>status</b><br>Test class: tests.TC13_FlightStatusNegative</td>
<td></td>
<td>16</td>
<td>tests.TC13_FlightStatusNegative@19b89d4</td></tr>
<tr>
<td title='tests.TC14_ManageBookingNegative.status()'><b>status</b><br>Test class: tests.TC14_ManageBookingNegative</td>
<td></td>
<td>4</td>
<td>tests.TC14_ManageBookingNegative@4bbf6d0e</td></tr>
<tr>
<td title='tests.TC10_FlightStatus.status()'><b>status</b><br>Test class: tests.TC10_FlightStatus</td>
<td></td>
<td>17</td>
<td>tests.TC10_FlightStatus@27912e3</td></tr>
<tr>
<td title='tests.TC04_RoundTrip.RoundTrip()'><b>RoundTrip</b><br>Test class: tests.TC04_RoundTrip<br>Parameters: Chen, Mum, 21-02-2024</td>
<td></td>
<td>10</td>
<td>tests.TC04_RoundTrip@3eb91815</td></tr>
<tr>
<td title='tests.TC02_LoginFunctionality.LoginTest()'><b>LoginTest</b><br>Test class: tests.TC02_LoginFunctionality<br>Parameters: invalidinput@.c, Test123</td>
<td></td>
<td>2</td>
<td>tests.TC02_LoginFunctionality@3b5fad2d</td></tr>
<tr>
<td title='tests.TC01_SignUpFunctionality.SignUPTest()'><b>SignUPTest</b><br>Test class: tests.TC01_SignUpFunctionality<br>Parameters: Mr, First Second, Last, India, 01-02-1999, 8123389123, admin@login.com, 123232, 123232</td>
<td></td>
<td>12</td>
<td>tests.TC01_SignUpFunctionality@2f666ebb</td></tr>
<tr>
<td title='tests.TC01_SignUpFunctionality.SignUPTest()'><b>SignUPTest</b><br>Test class: tests.TC01_SignUpFunctionality<br>Parameters: Miss, Fourth Fifth, Last, England, 01-02-2002, 8123389123, invalidinput@gmail.com, 123235, 123235</td>
<td></td>
<td>14</td>
<td>tests.TC01_SignUpFunctionality@2f666ebb</td></tr>
<tr>
<td title='tests.TC05_SelectFlightAndProceedToBooking.SelectFlightAndProceedToBooking()'><b>SelectFlightAndProceedToBooking</b><br>Test class: tests.TC05_SelectFlightAndProceedToBooking<br>Parameters: Chen, Mum, 21-02-2024</td>
<td></td>
<td>23</td>
<td>tests.TC05_SelectFlightAndProceedToBooking@56dc1551</td></tr>
<tr>
<td title='tests.TC02_LoginFunctionality.LoginTest()'><b>LoginTest</b><br>Test class: tests.TC02_LoginFunctionality<br>Parameters: admin@login.com, Admin123</td>
<td></td>
<td>1</td>
<td>tests.TC02_LoginFunctionality@3b5fad2d</td></tr>
<tr>
<td title='tests.TC12_CheckInStatusNegative.status()'><b>status</b><br>Test class: tests.TC12_CheckInStatusNegative</td>
<td></td>
<td>7</td>
<td>tests.TC12_CheckInStatusNegative@43015c69</td></tr>
<tr>
<td title='tests.TC05_SelectFlightAndProceedToBooking.SelectFlightAndProceedToBooking()'><b>SelectFlightAndProceedToBooking</b><br>Test class: tests.TC05_SelectFlightAndProceedToBooking<br>Parameters: Mum, Del, 21-01-2024</td>
<td></td>
<td>29</td>
<td>tests.TC05_SelectFlightAndProceedToBooking@56dc1551</td></tr>
</table><p>
</body>
</html>