<?xml version="1.0" encoding="UTF-8"?>
<!-- Generated by org.testng.reporters.JUnitXMLReporter -->
<testsuite ignored="0" hostname="DESKTOP-H3UQ7ED" failures="1" tests="20" name="ChromeTest" time="434.816" errors="0" timestamp="2024-01-21T23:42:28 IST">
  <testcase classname="tests.TC01_SignUpFunctionality" name="SignUPTest" time="12.307"/>
  <testcase classname="tests.TC01_SignUpFunctionality" name="SignUPTest" time="13.44"/>
  <testcase classname="tests.TC01_SignUpFunctionality" name="SignUPTest" time="14.635"/>
  <testcase classname="tests.TC01_SignUpFunctionality" name="SignUPTest" time="14.891"/>
  <testcase classname="tests.TC02_LoginFunctionality" name="LoginTest" time="1.741"/>
  <testcase classname="tests.TC02_LoginFunctionality" name="LoginTest" time="2.056"/>
  <testcase classname="tests.TC02_LoginFunctionality" name="LoginTest" time="6.398">
    <failure type="org.openqa.selenium.StaleElementReferenceException" message="stale element reference: stale element not found
  (Session info: chrome=120.0.6099.225)
For documentation on this error, please visit: https://www.selenium.dev/documentation/webdriver/troubleshooting/errors#stale-element-reference-exception
Build info: version: &amp;apos;4.11.0&amp;apos;, revision: &amp;apos;040bc5406b&amp;apos;
System info: os.name: &amp;apos;Windows 11&amp;apos;, os.arch: &amp;apos;amd64&amp;apos;, os.version: &amp;apos;10.0&amp;apos;, java.version: &amp;apos;20.0.1&amp;apos;
Driver info: org.openqa.selenium.chrome.ChromeDriver
Command: [253b92ab517a0571e2bf3d3a4ca8fb7f, clickElement {id=6570EEE6D93AFA60B16E0CF0D8BB3D9D_element_13}]
Capabilities {acceptInsecureCerts: false, browserName: chrome, browserVersion: 120.0.6099.225, chrome: {chromedriverVersion: 120.0.6099.109 (3419140ab66..., userDataDir: C:\Users\KALPES~1\AppData\L...}, fedcm:accounts: true, goog:chromeOptions: {debuggerAddress: localhost:53136}, networkConnectionEnabled: false, pageLoadStrategy: normal, platformName: windows, proxy: Proxy(), se:cdp: ws://localhost:53136/devtoo..., se:cdpVersion: 120.0.6099.225, setWindowRect: true, strictFileInteractability: false, timeouts: {implicit: 0, pageLoad: 300000, script: 30000}, unhandledPromptBehavior: dismiss and notify, webauthn:extension:credBlob: true, webauthn:extension:largeBlob: true, webauthn:extension:minPinLength: true, webauthn:extension:prf: true, webauthn:virtualAuthenticators: true}
Element: [[ChromeDriver: chrome on windows (253b92ab517a0571e2bf3d3a4ca8fb7f)] -&amp;gt; xpath: //div[@class=&amp;apos;css-76zvg2 r-jwli3a r-ubezar&amp;apos; and contains (text(), &amp;apos;Login&amp;apos;)]]
Session ID: 253b92ab517a0571e2bf3d3a4ca8fb7f">
      <![CDATA[org.openqa.selenium.StaleElementReferenceException: stale element reference: stale element not found
  (Session info: chrome=120.0.6099.225)
For documentation on this error, please visit: https://www.selenium.dev/documentation/webdriver/troubleshooting/errors#stale-element-reference-exception
Build info: version: '4.11.0', revision: '040bc5406b'
System info: os.name: 'Windows 11', os.arch: 'amd64', os.version: '10.0', java.version: '20.0.1'
Driver info: org.openqa.selenium.chrome.ChromeDriver
Command: [253b92ab517a0571e2bf3d3a4ca8fb7f, clickElement {id=6570EEE6D93AFA60B16E0CF0D8BB3D9D_element_13}]
Capabilities {acceptInsecureCerts: false, browserName: chrome, browserVersion: 120.0.6099.225, chrome: {chromedriverVersion: 120.0.6099.109 (3419140ab66..., userDataDir: C:\Users\KALPES~1\AppData\L...}, fedcm:accounts: true, goog:chromeOptions: {debuggerAddress: localhost:53136}, networkConnectionEnabled: false, pageLoadStrategy: normal, platformName: windows, proxy: Proxy(), se:cdp: ws://localhost:53136/devtoo..., se:cdpVersion: 120.0.6099.225, setWindowRect: true, strictFileInteractability: false, timeouts: {implicit: 0, pageLoad: 300000, script: 30000}, unhandledPromptBehavior: dismiss and notify, webauthn:extension:credBlob: true, webauthn:extension:largeBlob: true, webauthn:extension:minPinLength: true, webauthn:extension:prf: true, webauthn:virtualAuthenticators: true}
Element: [[ChromeDriver: chrome on windows (253b92ab517a0571e2bf3d3a4ca8fb7f)] -> xpath: //div[@class='css-76zvg2 r-jwli3a r-ubezar' and contains (text(), 'Login')]]
Session ID: 253b92ab517a0571e2bf3d3a4ca8fb7f
at org.openqa.selenium.remote.codec.w3c.W3CHttpResponseCodec.createException(W3CHttpResponseCodec.java:200)
at org.openqa.selenium.remote.codec.w3c.W3CHttpResponseCodec.decode(W3CHttpResponseCodec.java:133)
at org.openqa.selenium.remote.codec.w3c.W3CHttpResponseCodec.decode(W3CHttpResponseCodec.java:52)
at org.openqa.selenium.remote.HttpCommandExecutor.execute(HttpCommandExecutor.java:191)
at org.openqa.selenium.remote.service.DriverCommandExecutor.invokeExecute(DriverCommandExecutor.java:196)
at org.openqa.selenium.remote.service.DriverCommandExecutor.execute(DriverCommandExecutor.java:171)
at org.openqa.selenium.remote.RemoteWebDriver.execute(RemoteWebDriver.java:518)
at org.openqa.selenium.remote.RemoteWebElement.execute(RemoteWebElement.java:224)
at org.openqa.selenium.remote.RemoteWebElement.click(RemoteWebElement.java:77)
at org.openqa.selenium.support.pagefactory.internal.LocatingElementHandler.invoke(LocatingElementHandler.java:51)
at jdk.proxy2/jdk.proxy2.$Proxy20.click(Unknown Source)
at pages.HomePage.loginbutton(HomePage.java:43)
at tests.TC02_LoginFunctionality.LoginTest(TC02_LoginFunctionality.java:24)
at java.base/java.util.ArrayList.forEach(ArrayList.java:1511)
... Removed 30 stack frames]]>
    </failure>
  </testcase> <!-- LoginTest -->
  <testcase classname="tests.TC02_LoginFunctionality" name="LoginTest" time="1.919"/>
  <testcase classname="tests.TC03_OneWayTrip" name="oneway" time="71.159"/>
  <testcase classname="tests.TC04_RoundTrip" name="RoundTrip" time="11.261"/>
  <testcase classname="tests.TC04_RoundTrip" name="RoundTrip" time="10.929"/>
  <testcase classname="tests.TC05_SelectFlightAndProceedToBooking" name="SelectFlightAndProceedToBooking" time="29.606"/>
  <testcase classname="tests.TC05_SelectFlightAndProceedToBooking" name="SelectFlightAndProceedToBooking" time="23.344"/>
  <testcase classname="tests.TC08_CheckInStatus" name="status" time="6.839"/>
  <testcase classname="tests.TC09_ManageBookingStatus" name="status" time="4.379"/>
  <testcase classname="tests.TC10_FlightStatus" name="status" time="17.042"/>
  <testcase classname="tests.TC11_OneWayTripNegative" name="oneway" time="7.982"/>
  <testcase classname="tests.TC12_CheckInStatusNegative" name="status" time="7.006"/>
  <testcase classname="tests.TC13_FlightStatusNegative" name="status" time="16.923"/>
  <testcase classname="tests.TC14_ManageBookingNegative" name="status" time="4.283"/>
</testsuite> <!-- ChromeTest -->
